2024-07-17T22:28:26.924Z 0: 

----------------------------------------------
2024-07-17T22:28:26.931Z 1: Discord starting: {"releaseChannel":"stable","version":"0.0.60"}, modulepath: /home/facundo/.config/discord/0.0.60/modules
2024-07-17T22:28:26.934Z 2: ✅ webContents.created web1 ""
2024-07-17T22:28:26.937Z 3: ✅ window.created win1 "discord"
2024-07-17T22:28:27.155Z 4: ✅ webContents.did-finish-load web1
2024-07-17T22:28:35.869Z 5: ✅ webContents.created web2 ""
2024-07-17T22:28:35.878Z 6: ✅ window.created win2 "Discord"
2024-07-17T22:28:37.590Z 7: ✅ webContents.did-finish-load web2
2024-07-17T22:28:37.689Z 8: window.close win1
2024-07-17T22:28:37.721Z 9: webContents.destroyed web1
2024-07-17T22:28:37.724Z 10: window.closed win1
2024-07-17T23:01:16.855Z 11: window.close win2
2024-07-17T23:01:20.042Z 0: 

----------------------------------------------
2024-07-17T23:01:20.054Z 1: Discord starting: {"releaseChannel":"stable","version":"0.0.60"}, modulepath: /home/facundo/.config/discord/0.0.60/modules
2024-07-17T23:22:31.203Z 12: window.close win2
2024-07-17T23:23:08.316Z 0: 

----------------------------------------------
2024-07-17T23:23:08.326Z 1: Discord starting: {"releaseChannel":"stable","version":"0.0.60"}, modulepath: /home/facundo/.config/discord/0.0.60/modules
2024-07-17T23:23:25.186Z 0: 

----------------------------------------------
2024-07-17T23:23:32.632Z 0: 

----------------------------------------------
2024-07-17T23:23:44.083Z 13: window.close win2
2024-07-17T23:27:33.305Z 0: 

----------------------------------------------
2024-07-17T23:27:33.316Z 1: Discord starting: {"releaseChannel":"stable","version":"0.0.60"}, modulepath: /home/facundo/.config/discord/0.0.60/modules
2024-07-17T23:27:33.318Z 2: ✅ webContents.created web1 ""
2024-07-17T23:27:33.320Z 3: ✅ window.created win1 "discord"
2024-07-17T23:27:33.520Z 4: ✅ webContents.did-finish-load web1
2024-07-17T23:27:33.981Z 5: ✅ webContents.created web2 ""
2024-07-17T23:27:33.989Z 6: ✅ window.created win2 "Discord"
2024-07-17T23:27:36.063Z 7: ✅ webContents.did-finish-load web2
2024-07-17T23:27:36.163Z 8: window.close win1
2024-07-17T23:27:36.185Z 9: webContents.destroyed web1
2024-07-17T23:27:36.187Z 10: window.closed win1
2024-07-18T05:20:53.569Z 11: before-quit
2024-07-18T13:25:38.682Z 0: 

----------------------------------------------
2024-07-18T13:25:38.693Z 1: Discord starting: {"releaseChannel":"stable","version":"0.0.60"}, modulepath: /home/facundo/.config/discord/0.0.60/modules
2024-07-18T13:25:38.695Z 2: ✅ webContents.created web1 ""
2024-07-18T13:25:38.697Z 3: ✅ window.created win1 "discord"
2024-07-18T13:25:38.942Z 4: ✅ webContents.did-finish-load web1
2024-07-18T13:25:39.316Z 5: ✅ webContents.created web2 ""
2024-07-18T13:25:39.326Z 6: ✅ window.created win2 "Discord"
2024-07-18T13:25:40.990Z 7: ✅ webContents.did-finish-load web2
2024-07-18T13:25:41.090Z 8: window.close win1
2024-07-18T13:25:41.118Z 9: webContents.destroyed web1
2024-07-18T13:25:41.124Z 10: window.closed win1
2024-07-18T16:01:49.300Z 0: 

----------------------------------------------
2024-07-18T16:01:49.312Z 1: Discord starting: {"releaseChannel":"stable","version":"0.0.60"}, modulepath: /home/facundo/.config/discord/0.0.60/modules
2024-07-18T16:01:49.314Z 2: ✅ webContents.created web1 ""
2024-07-18T16:01:49.317Z 3: ✅ window.created win1 "discord"
2024-07-18T16:01:49.574Z 4: ✅ webContents.did-finish-load web1
2024-07-18T16:01:49.894Z 5: ✅ webContents.created web2 ""
2024-07-18T16:01:49.897Z 6: ✅ window.created win2 "Discord"
2024-07-18T16:01:51.601Z 7: ✅ webContents.did-finish-load web2
2024-07-18T16:01:51.701Z 8: window.close win1
2024-07-18T16:01:51.734Z 9: webContents.destroyed web1
2024-07-18T16:01:51.739Z 10: window.closed win1
2024-07-18T16:02:10.332Z 11: window.close win2
2024-07-18T16:03:51.202Z 12: window.close win2
2024-07-18T16:04:32.511Z 13: ❌ render-process-gone { reason: 'killed', exitCode: 9 }
2024-07-18T16:05:04.326Z 0: 

----------------------------------------------
2024-07-18T16:05:04.339Z 1: Discord starting: {"releaseChannel":"stable","version":"0.0.60"}, modulepath: /home/facundo/.config/discord/0.0.60/modules
2024-07-18T16:05:04.342Z 2: ✅ webContents.created web1 ""
2024-07-18T16:05:04.343Z 3: ✅ window.created win1 "discord"
2024-07-18T16:05:04.541Z 4: ✅ webContents.did-finish-load web1
2024-07-18T16:05:04.847Z 5: ✅ webContents.created web2 ""
2024-07-18T16:05:04.852Z 6: ✅ window.created win2 "Discord"
2024-07-18T16:05:06.404Z 7: ✅ webContents.did-finish-load web2
2024-07-18T16:05:06.502Z 8: window.close win1
2024-07-18T16:05:06.561Z 9: webContents.destroyed web1
2024-07-18T16:05:06.565Z 10: window.closed win1
2024-07-18T16:12:44.571Z 11: window.close win2
